  [1m[35m (3.7ms)[0m  [1m[34mSELECT "schema_migrations"."version" FROM "schema_migrations" ORDER BY "schema_migrations"."version" ASC[0m
  [1m[35m (13.5ms)[0m  [1m[34mSELECT "ar_internal_metadata"."value" FROM "ar_internal_metadata" WHERE "ar_internal_metadata"."key" = $1[0m  [["key", "environment"]]
  [1m[35m (0.4ms)[0m  [1m[34mSELECT "schema_migrations"."version" FROM "schema_migrations" ORDER BY "schema_migrations"."version" ASC[0m
  [1m[35m (0.3ms)[0m  [1m[34mSELECT "ar_internal_metadata"."value" FROM "ar_internal_metadata" WHERE "ar_internal_metadata"."key" = $1[0m  [["key", "environment"]]
  [1m[35m (0.3ms)[0m  [1m[34mSELECT "schema_migrations"."version" FROM "schema_migrations" ORDER BY "schema_migrations"."version" ASC[0m
  [1m[35m (0.3ms)[0m  [1m[34mSELECT "ar_internal_metadata"."value" FROM "ar_internal_metadata" WHERE "ar_internal_metadata"."key" = $1[0m  [["key", "environment"]]
  [1m[35m (19.2ms)[0m  [1m[34mSELECT pg_try_advisory_lock(8115692404137957555)[0m
  [1m[35m (1.0ms)[0m  [1m[34mSELECT "schema_migrations"."version" FROM "schema_migrations" ORDER BY "schema_migrations"."version" ASC[0m
  [1m[36mActiveRecord::InternalMetadata Load (1.0ms)[0m  [1m[34mSELECT  "ar_internal_metadata".* FROM "ar_internal_metadata" WHERE "ar_internal_metadata"."key" = $1 LIMIT $2[0m  [["key", "environment"], ["LIMIT", 1]]
  [1m[35m (0.2ms)[0m  [1m[35mBEGIN[0m
  [1m[35m (0.2ms)[0m  [1m[35mCOMMIT[0m
  [1m[35m (0.3ms)[0m  [1m[34mSELECT pg_advisory_unlock(8115692404137957555)[0m
  [1m[35m (0.4ms)[0m  [1m[34mSELECT "schema_migrations"."version" FROM "schema_migrations" ORDER BY "schema_migrations"."version" ASC[0m
  [1m[35m (0.3ms)[0m  [1m[34mSELECT pg_try_advisory_lock(8115692404137957555)[0m
  [1m[35m (7.2ms)[0m  [1m[34mSELECT "schema_migrations"."version" FROM "schema_migrations" ORDER BY "schema_migrations"."version" ASC[0m
  [1m[36mActiveRecord::InternalMetadata Load (0.6ms)[0m  [1m[34mSELECT  "ar_internal_metadata".* FROM "ar_internal_metadata" WHERE "ar_internal_metadata"."key" = $1 LIMIT $2[0m  [["key", "environment"], ["LIMIT", 1]]
  [1m[35m (0.2ms)[0m  [1m[35mBEGIN[0m
  [1m[35m (0.2ms)[0m  [1m[35mCOMMIT[0m
  [1m[35m (0.4ms)[0m  [1m[34mSELECT pg_advisory_unlock(8115692404137957555)[0m
  [1m[35m (0.4ms)[0m  [1m[34mSELECT "schema_migrations"."version" FROM "schema_migrations" ORDER BY "schema_migrations"."version" ASC[0m
  [1m[35m (2.1ms)[0m  [1m[34mSELECT "schema_migrations"."version" FROM "schema_migrations" ORDER BY "schema_migrations"."version" ASC[0m
  [1m[35m (1.1ms)[0m  [1m[34mSELECT "schema_migrations"."version" FROM "schema_migrations" ORDER BY "schema_migrations"."version" ASC[0m
  [1m[35m (0.4ms)[0m  [1m[34mSELECT "ar_internal_metadata"."value" FROM "ar_internal_metadata" WHERE "ar_internal_metadata"."key" = $1[0m  [["key", "environment"]]
  [1m[35m (0.3ms)[0m  [1m[34mSELECT "schema_migrations"."version" FROM "schema_migrations" ORDER BY "schema_migrations"."version" ASC[0m
  [1m[35m (0.2ms)[0m  [1m[34mSELECT "ar_internal_metadata"."value" FROM "ar_internal_metadata" WHERE "ar_internal_metadata"."key" = $1[0m  [["key", "environment"]]
  [1m[35m (0.4ms)[0m  [1m[34mSELECT "schema_migrations"."version" FROM "schema_migrations" ORDER BY "schema_migrations"."version" ASC[0m
  [1m[35m (0.2ms)[0m  [1m[34mSELECT "ar_internal_metadata"."value" FROM "ar_internal_metadata" WHERE "ar_internal_metadata"."key" = $1[0m  [["key", "environment"]]
  [1m[35mSQL (11.2ms)[0m  [1m[35mCREATE EXTENSION IF NOT EXISTS "plpgsql"[0m
  [1m[35m (214.6ms)[0m  [1m[35mDROP TABLE IF EXISTS "articles" CASCADE[0m
  [1m[35m (27.5ms)[0m  [1m[35mCREATE TABLE "articles" ("id" serial NOT NULL PRIMARY KEY, "title" character varying, "body" text, "created_at" timestamp NOT NULL, "updated_at" timestamp NOT NULL, "team_member_id" integer, "language" text)[0m
  [1m[35m (7.6ms)[0m  [1m[35mDROP TABLE IF EXISTS "resumes" CASCADE[0m
  [1m[35m (9.7ms)[0m  [1m[35mCREATE TABLE "resumes" ("id" serial NOT NULL PRIMARY KEY, "name" character varying, "attachment" character varying, "created_at" timestamp NOT NULL, "updated_at" timestamp NOT NULL, "attachement_file_name" character varying, "attachement_content_type" character varying, "attachement_file_size" integer, "attachement_updated_at" timestamp)[0m
  [1m[35m (13.3ms)[0m  [1m[35mDROP TABLE IF EXISTS "team_members" CASCADE[0m
  [1m[35m (9.5ms)[0m  [1m[35mCREATE TABLE "team_members" ("id" serial NOT NULL PRIMARY KEY, "name" character varying, "role" character varying, "created_at" timestamp NOT NULL, "updated_at" timestamp NOT NULL, "avatar_file_name" character varying, "avatar_content_type" character varying, "avatar_file_size" integer, "avatar_updated_at" timestamp, "body" text, "specialisation" text, "experience" text, "language" text, "email" character varying, "phone" character varying, "city" character varying)[0m
  [1m[35m (7.5ms)[0m  [1m[35mDROP TABLE IF EXISTS "testimonials" CASCADE[0m
  [1m[35m (5.1ms)[0m  [1m[35mCREATE TABLE "testimonials" ("id" serial NOT NULL PRIMARY KEY, "name" character varying, "company" character varying, "body" text, "created_at" timestamp NOT NULL, "updated_at" timestamp NOT NULL, "language" text)[0m
  [1m[35m (1.2ms)[0m  [1m[34mSELECT "schema_migrations"."version" FROM "schema_migrations" ORDER BY "schema_migrations"."version" ASC[0m
  [1m[36mActiveRecord::InternalMetadata Load (0.6ms)[0m  [1m[34mSELECT  "ar_internal_metadata".* FROM "ar_internal_metadata" WHERE "ar_internal_metadata"."key" = $1 LIMIT $2[0m  [["key", "environment"], ["LIMIT", 1]]
  [1m[35m (0.3ms)[0m  [1m[35mBEGIN[0m
  [1m[35m (2.4ms)[0m  [1m[35mCOMMIT[0m
  [1m[36mActiveRecord::InternalMetadata Load (0.4ms)[0m  [1m[34mSELECT  "ar_internal_metadata".* FROM "ar_internal_metadata" WHERE "ar_internal_metadata"."key" = $1 LIMIT $2[0m  [["key", "environment"], ["LIMIT", 1]]
  [1m[35m (0.2ms)[0m  [1m[35mBEGIN[0m
  [1m[35m (0.1ms)[0m  [1m[35mCOMMIT[0m
  [1m[35mSQL (2.4ms)[0m  [1m[35mCREATE EXTENSION IF NOT EXISTS "plpgsql"[0m
  [1m[35m (0.8ms)[0m  [1m[35mDROP TABLE IF EXISTS "articles" CASCADE[0m
  [1m[35m (29.4ms)[0m  [1m[35mCREATE TABLE "articles" ("id" serial NOT NULL PRIMARY KEY, "title" character varying, "body" text, "created_at" timestamp NOT NULL, "updated_at" timestamp NOT NULL, "team_member_id" integer, "language" text)[0m
  [1m[35m (0.4ms)[0m  [1m[35mDROP TABLE IF EXISTS "resumes" CASCADE[0m
  [1m[35m (14.4ms)[0m  [1m[35mCREATE TABLE "resumes" ("id" serial NOT NULL PRIMARY KEY, "name" character varying, "attachment" character varying, "created_at" timestamp NOT NULL, "updated_at" timestamp NOT NULL, "attachement_file_name" character varying, "attachement_content_type" character varying, "attachement_file_size" integer, "attachement_updated_at" timestamp)[0m
  [1m[35m (0.4ms)[0m  [1m[35mDROP TABLE IF EXISTS "team_members" CASCADE[0m
  [1m[35m (5.6ms)[0m  [1m[35mCREATE TABLE "team_members" ("id" serial NOT NULL PRIMARY KEY, "name" character varying, "role" character varying, "created_at" timestamp NOT NULL, "updated_at" timestamp NOT NULL, "avatar_file_name" character varying, "avatar_content_type" character varying, "avatar_file_size" integer, "avatar_updated_at" timestamp, "body" text, "specialisation" text, "experience" text, "language" text, "email" character varying, "phone" character varying, "city" character varying)[0m
  [1m[35m (0.9ms)[0m  [1m[35mDROP TABLE IF EXISTS "testimonials" CASCADE[0m
  [1m[35m (6.6ms)[0m  [1m[35mCREATE TABLE "testimonials" ("id" serial NOT NULL PRIMARY KEY, "name" character varying, "company" character varying, "body" text, "created_at" timestamp NOT NULL, "updated_at" timestamp NOT NULL, "language" text)[0m
  [1m[35m (5.7ms)[0m  [1m[35mCREATE TABLE "schema_migrations" ("version" character varying NOT NULL PRIMARY KEY)[0m
  [1m[35m (1.1ms)[0m  [1m[34mSELECT "schema_migrations"."version" FROM "schema_migrations" ORDER BY "schema_migrations"."version" ASC[0m
  [1m[35m (2.0ms)[0m  [1m[32mINSERT INTO "schema_migrations" (version) VALUES (20170630102948)[0m
  [1m[35m (16.6ms)[0m  [1m[35mCREATE TABLE "ar_internal_metadata" ("key" character varying NOT NULL PRIMARY KEY, "value" character varying, "created_at" timestamp NOT NULL, "updated_at" timestamp NOT NULL)[0m
  [1m[36mActiveRecord::InternalMetadata Load (0.5ms)[0m  [1m[34mSELECT  "ar_internal_metadata".* FROM "ar_internal_metadata" WHERE "ar_internal_metadata"."key" = $1 LIMIT $2[0m  [["key", "environment"], ["LIMIT", 1]]
  [1m[35m (0.2ms)[0m  [1m[35mBEGIN[0m
  [1m[35mSQL (1.2ms)[0m  [1m[32mINSERT INTO "ar_internal_metadata" ("key", "value", "created_at", "updated_at") VALUES ($1, $2, $3, $4) RETURNING "key"[0m  [["key", "environment"], ["value", "development"], ["created_at", "2017-12-06 13:54:43.623690"], ["updated_at", "2017-12-06 13:54:43.623690"]]
  [1m[35m (0.3ms)[0m  [1m[35mCOMMIT[0m
  [1m[36mActiveRecord::InternalMetadata Load (0.4ms)[0m  [1m[34mSELECT  "ar_internal_metadata".* FROM "ar_internal_metadata" WHERE "ar_internal_metadata"."key" = $1 LIMIT $2[0m  [["key", "environment"], ["LIMIT", 1]]
  [1m[35m (0.2ms)[0m  [1m[35mBEGIN[0m
  [1m[35m (0.3ms)[0m  [1m[35mCOMMIT[0m
  [1m[35m (1.0ms)[0m  [1m[34mSELECT "schema_migrations"."version" FROM "schema_migrations" ORDER BY "schema_migrations"."version" ASC[0m
  [1m[35mSQL (0.6ms)[0m  [1m[35mCREATE EXTENSION IF NOT EXISTS "plpgsql"[0m
  [1m[35m (0.3ms)[0m  [1m[35mDROP TABLE IF EXISTS "articles" CASCADE[0m
  [1m[35m (14.8ms)[0m  [1m[35mCREATE TABLE "articles" ("id" serial NOT NULL PRIMARY KEY, "title" character varying, "body" text, "created_at" timestamp NOT NULL, "updated_at" timestamp NOT NULL, "team_member_id" integer, "language" text)[0m
  [1m[35m (0.4ms)[0m  [1m[35mDROP TABLE IF EXISTS "resumes" CASCADE[0m
  [1m[35m (4.8ms)[0m  [1m[35mCREATE TABLE "resumes" ("id" serial NOT NULL PRIMARY KEY, "name" character varying, "attachment" character varying, "created_at" timestamp NOT NULL, "updated_at" timestamp NOT NULL, "attachement_file_name" character varying, "attachement_content_type" character varying, "attachement_file_size" integer, "attachement_updated_at" timestamp)[0m
  [1m[35m (0.6ms)[0m  [1m[35mDROP TABLE IF EXISTS "team_members" CASCADE[0m
  [1m[35m (4.6ms)[0m  [1m[35mCREATE TABLE "team_members" ("id" serial NOT NULL PRIMARY KEY, "name" character varying, "role" character varying, "created_at" timestamp NOT NULL, "updated_at" timestamp NOT NULL, "avatar_file_name" character varying, "avatar_content_type" character varying, "avatar_file_size" integer, "avatar_updated_at" timestamp, "body" text, "specialisation" text, "experience" text, "language" text, "email" character varying, "phone" character varying, "city" character varying)[0m
  [1m[35m (0.6ms)[0m  [1m[35mDROP TABLE IF EXISTS "testimonials" CASCADE[0m
  [1m[35m (6.2ms)[0m  [1m[35mCREATE TABLE "testimonials" ("id" serial NOT NULL PRIMARY KEY, "name" character varying, "company" character varying, "body" text, "created_at" timestamp NOT NULL, "updated_at" timestamp NOT NULL, "language" text)[0m
  [1m[35m (3.7ms)[0m  [1m[35mCREATE TABLE "schema_migrations" ("version" character varying NOT NULL PRIMARY KEY)[0m
  [1m[35m (0.9ms)[0m  [1m[34mSELECT "schema_migrations"."version" FROM "schema_migrations" ORDER BY "schema_migrations"."version" ASC[0m
  [1m[35m (6.5ms)[0m  [1m[32mINSERT INTO "schema_migrations" (version) VALUES (20170630102948)[0m
  [1m[35m (20.3ms)[0m  [1m[35mCREATE TABLE "ar_internal_metadata" ("key" character varying NOT NULL PRIMARY KEY, "value" character varying, "created_at" timestamp NOT NULL, "updated_at" timestamp NOT NULL)[0m
  [1m[36mActiveRecord::InternalMetadata Load (0.4ms)[0m  [1m[34mSELECT  "ar_internal_metadata".* FROM "ar_internal_metadata" WHERE "ar_internal_metadata"."key" = $1 LIMIT $2[0m  [["key", "environment"], ["LIMIT", 1]]
  [1m[35m (0.3ms)[0m  [1m[35mBEGIN[0m
  [1m[35mSQL (0.6ms)[0m  [1m[32mINSERT INTO "ar_internal_metadata" ("key", "value", "created_at", "updated_at") VALUES ($1, $2, $3, $4) RETURNING "key"[0m  [["key", "environment"], ["value", "development"], ["created_at", "2017-12-06 13:56:47.528445"], ["updated_at", "2017-12-06 13:56:47.528445"]]
  [1m[35m (0.5ms)[0m  [1m[35mCOMMIT[0m
  [1m[36mActiveRecord::InternalMetadata Load (0.4ms)[0m  [1m[34mSELECT  "ar_internal_metadata".* FROM "ar_internal_metadata" WHERE "ar_internal_metadata"."key" = $1 LIMIT $2[0m  [["key", "environment"], ["LIMIT", 1]]
  [1m[35m (0.3ms)[0m  [1m[35mBEGIN[0m
  [1m[35m (0.2ms)[0m  [1m[35mCOMMIT[0m
  [1m[35mSQL (0.5ms)[0m  [1m[35mCREATE EXTENSION IF NOT EXISTS "plpgsql"[0m
  [1m[35m (0.4ms)[0m  [1m[35mDROP TABLE IF EXISTS "articles" CASCADE[0m
  [1m[35m (9.0ms)[0m  [1m[35mCREATE TABLE "articles" ("id" serial NOT NULL PRIMARY KEY, "title" character varying, "body" text, "created_at" timestamp NOT NULL, "updated_at" timestamp NOT NULL, "team_member_id" integer, "language" text)[0m
  [1m[35m (0.5ms)[0m  [1m[35mDROP TABLE IF EXISTS "resumes" CASCADE[0m
  [1m[35m (5.3ms)[0m  [1m[35mCREATE TABLE "resumes" ("id" serial NOT NULL PRIMARY KEY, "name" character varying, "attachment" character varying, "created_at" timestamp NOT NULL, "updated_at" timestamp NOT NULL, "attachement_file_name" character varying, "attachement_content_type" character varying, "attachement_file_size" integer, "attachement_updated_at" timestamp)[0m
  [1m[35m (0.5ms)[0m  [1m[35mDROP TABLE IF EXISTS "team_members" CASCADE[0m
  [1m[35m (4.8ms)[0m  [1m[35mCREATE TABLE "team_members" ("id" serial NOT NULL PRIMARY KEY, "name" character varying, "role" character varying, "created_at" timestamp NOT NULL, "updated_at" timestamp NOT NULL, "avatar_file_name" character varying, "avatar_content_type" character varying, "avatar_file_size" integer, "avatar_updated_at" timestamp, "body" text, "specialisation" text, "experience" text, "language" text, "email" character varying, "phone" character varying, "city" character varying)[0m
  [1m[35m (0.6ms)[0m  [1m[35mDROP TABLE IF EXISTS "testimonials" CASCADE[0m
  [1m[35m (4.5ms)[0m  [1m[35mCREATE TABLE "testimonials" ("id" serial NOT NULL PRIMARY KEY, "name" character varying, "company" character varying, "body" text, "created_at" timestamp NOT NULL, "updated_at" timestamp NOT NULL, "language" text)[0m
  [1m[35m (5.0ms)[0m  [1m[35mCREATE TABLE "schema_migrations" ("version" character varying NOT NULL PRIMARY KEY)[0m
  [1m[35m (1.2ms)[0m  [1m[34mSELECT "schema_migrations"."version" FROM "schema_migrations" ORDER BY "schema_migrations"."version" ASC[0m
  [1m[35m (0.9ms)[0m  [1m[32mINSERT INTO "schema_migrations" (version) VALUES (20170630102948)[0m
  [1m[35m (3.7ms)[0m  [1m[35mCREATE TABLE "ar_internal_metadata" ("key" character varying NOT NULL PRIMARY KEY, "value" character varying, "created_at" timestamp NOT NULL, "updated_at" timestamp NOT NULL)[0m
  [1m[36mActiveRecord::InternalMetadata Load (0.6ms)[0m  [1m[34mSELECT  "ar_internal_metadata".* FROM "ar_internal_metadata" WHERE "ar_internal_metadata"."key" = $1 LIMIT $2[0m  [["key", "environment"], ["LIMIT", 1]]
  [1m[35m (0.2ms)[0m  [1m[35mBEGIN[0m
  [1m[35mSQL (0.6ms)[0m  [1m[32mINSERT INTO "ar_internal_metadata" ("key", "value", "created_at", "updated_at") VALUES ($1, $2, $3, $4) RETURNING "key"[0m  [["key", "environment"], ["value", "development"], ["created_at", "2017-12-06 13:56:47.645754"], ["updated_at", "2017-12-06 13:56:47.645754"]]
  [1m[35m (0.4ms)[0m  [1m[35mCOMMIT[0m
  [1m[36mActiveRecord::InternalMetadata Load (0.4ms)[0m  [1m[34mSELECT  "ar_internal_metadata".* FROM "ar_internal_metadata" WHERE "ar_internal_metadata"."key" = $1 LIMIT $2[0m  [["key", "environment"], ["LIMIT", 1]]
  [1m[35m (0.2ms)[0m  [1m[35mBEGIN[0m
  [1m[35m (0.2ms)[0m  [1m[35mCOMMIT[0m
  [1m[35m (0.9ms)[0m  [1m[34mSELECT "schema_migrations"."version" FROM "schema_migrations" ORDER BY "schema_migrations"."version" ASC[0m
  [1m[35m (1.0ms)[0m  [1m[34mSELECT "schema_migrations"."version" FROM "schema_migrations" ORDER BY "schema_migrations"."version" ASC[0m
  [1m[35m (0.5ms)[0m  [1m[34mSELECT "ar_internal_metadata"."value" FROM "ar_internal_metadata" WHERE "ar_internal_metadata"."key" = $1[0m  [["key", "environment"]]
  [1m[35m (0.3ms)[0m  [1m[34mSELECT "schema_migrations"."version" FROM "schema_migrations" ORDER BY "schema_migrations"."version" ASC[0m
  [1m[35m (0.3ms)[0m  [1m[34mSELECT "ar_internal_metadata"."value" FROM "ar_internal_metadata" WHERE "ar_internal_metadata"."key" = $1[0m  [["key", "environment"]]
  [1m[35m (0.3ms)[0m  [1m[34mSELECT "schema_migrations"."version" FROM "schema_migrations" ORDER BY "schema_migrations"."version" ASC[0m
  [1m[35m (0.2ms)[0m  [1m[34mSELECT "ar_internal_metadata"."value" FROM "ar_internal_metadata" WHERE "ar_internal_metadata"."key" = $1[0m  [["key", "environment"]]
  [1m[35m (134.4ms)[0m  [1m[35mDROP DATABASE IF EXISTS "ntng_wrng/development"[0m
  [1m[35m (130.1ms)[0m  [1m[35mDROP DATABASE IF EXISTS "ntng_wrng/test"[0m
  [1m[35m (127.8ms)[0m  [1m[35mDROP DATABASE IF EXISTS "ntng_wrng/development"[0m
  [1m[35m (125.7ms)[0m  [1m[35mDROP DATABASE IF EXISTS "ntng_wrng/test"[0m
  [1m[35m (17.3ms)[0m  [1m[35mCREATE TABLE "schema_migrations" ("version" character varying NOT NULL PRIMARY KEY)[0m
  [1m[35m (23.0ms)[0m  [1m[35mCREATE TABLE "ar_internal_metadata" ("key" character varying NOT NULL PRIMARY KEY, "value" character varying, "created_at" timestamp NOT NULL, "updated_at" timestamp NOT NULL)[0m
  [1m[35m (0.6ms)[0m  [1m[34mSELECT pg_try_advisory_lock(4279963808614341120)[0m
  [1m[35m (1.3ms)[0m  [1m[34mSELECT "schema_migrations"."version" FROM "schema_migrations" ORDER BY "schema_migrations"."version" ASC[0m
  [1m[36mActiveRecord::InternalMetadata Load (0.5ms)[0m  [1m[34mSELECT  "ar_internal_metadata".* FROM "ar_internal_metadata" WHERE "ar_internal_metadata"."key" = $1 LIMIT $2[0m  [["key", "environment"], ["LIMIT", 1]]
  [1m[35m (0.2ms)[0m  [1m[35mBEGIN[0m
  [1m[35mSQL (0.7ms)[0m  [1m[32mINSERT INTO "ar_internal_metadata" ("key", "value", "created_at", "updated_at") VALUES ($1, $2, $3, $4) RETURNING "key"[0m  [["key", "environment"], ["value", "development"], ["created_at", "2017-12-06 13:59:06.234196"], ["updated_at", "2017-12-06 13:59:06.234196"]]
  [1m[35m (0.6ms)[0m  [1m[35mCOMMIT[0m
  [1m[35m (0.3ms)[0m  [1m[34mSELECT pg_advisory_unlock(4279963808614341120)[0m
  [1m[35m (0.5ms)[0m  [1m[34mSELECT "schema_migrations"."version" FROM "schema_migrations" ORDER BY "schema_migrations"."version" ASC[0m
